<?xml version="1.0" encoding="UTF-8"?>
<!-- Generated by org.testng.reporters.JUnitReportReporter -->
<testsuite hostname="DESKTOP-BFAL20L" failures="0" tests="3" name="com.qa.wildcart.pages.LoginPageTest" time="24.403" errors="0" timestamp="2021-01-19T01:53:31 EST" skipped="0">
  <testcase classname="com.qa.wildcart.pages.LoginPageTest" name="loginTest" time="7.808"/>
  <system-out/>
  <testcase classname="com.qa.wildcart.pages.LoginPageTest" name="verifyPagetitle" time="8.509"/>
  <system-out/>
  <testcase classname="com.qa.wildcart.pages.LoginPageTest" name="verifySignupLink" time="8.086"/>
  <system-out/>
</testsuite> <!-- com.qa.wildcart.pages.LoginPageTest -->
