<?xml version="1.0" encoding="UTF-8"?>
<!-- Generated by org.testng.reporters.JUnitReportReporter -->
<testsuite hostname="DESKTOP-BFAL20L" failures="0" tests="1" name="com.qa.wildcart.pages.RegistrationPageTest" time="1.029" errors="0" timestamp="2021-01-19T01:26:33 EST" skipped="0">
  <testcase classname="com.qa.wildcart.pages.RegistrationPageTest" name="registrationTest" time="1.029"/>
  <system-out/>
</testsuite> <!-- com.qa.wildcart.pages.RegistrationPageTest -->
